<?xml version="1.0" encoding="UTF-8"?>
<testng-results skipped="0" failed="0" total="1" passed="1">
  <reporter-output>
  </reporter-output>
  <suite name="Default suite" duration-ms="136728" started-at="2018-12-30T16:58:56Z" finished-at="2018-12-30T17:01:13Z">
    <groups>
    </groups>
    <test name="Default test" duration-ms="136728" started-at="2018-12-30T16:58:56Z" finished-at="2018-12-30T17:01:13Z">
      <class name="DriverFacrtory.AppTest">
        <test-method status="PASS" signature="startTest()[pri:0, instance:DriverFacrtory.AppTest@51565ec2]" name="startTest" duration-ms="136690" started-at="2018-12-30T22:28:56Z" finished-at="2018-12-30T22:31:13Z">
          <reporter-output>
          </reporter-output>
        </test-method> <!-- startTest -->
      </class> <!-- DriverFacrtory.AppTest -->
    </test> <!-- Default test -->
  </suite> <!-- Default suite -->
</testng-results>
